app/build/intermediates/manifest_merge_blame_file/debug/manifest-merger-blame-debug-report.txt
1<?xml version="1.0" encoding="utf-8"?>
2<manifest xmlns:android="http://schemas.android.com/apk/res/android"
3    package="humble.slave.pts_b"
4    android:versionCode="1"
5    android:versionName="1.0" >
6
7    <uses-sdk
8        android:minSdkVersion="24"
8-->src/main/AndroidManifest.xml
9        android:targetSdkVersion="33" />
9-->src/main/AndroidManifest.xml
10
11    <uses-permission android:name="android.permission.INTERNET" />
11-->src/main/AndroidManifest.xml:5:5-66
11-->src/main/AndroidManifest.xml:5:22-64
12    <uses-permission android:name="android.permission.RECEIVE_SMS" />
12-->src/main/AndroidManifest.xml:6:5-69
12-->src/main/AndroidManifest.xml:6:22-67
13    <uses-permission android:name="android.permission.READ_SMS" />
13-->src/main/AndroidManifest.xml:7:5-66
13-->src/main/AndroidManifest.xml:7:22-64
14    <uses-permission android:name="android.permission.SEND_SMS" />
14-->src/main/AndroidManifest.xml:8:5-66
14-->src/main/AndroidManifest.xml:8:22-64
15
16    <permission
16-->[androidx.core:core:1.9.0] AndroidManifest.xml:22:5-24:47
17        android:name="humble.slave.pts_b.DYNAMIC_RECEIVER_NOT_EXPORTED_PERMISSION"
17-->[androidx.core:core:1.9.0] AndroidManifest.xml:23:9-81
18        android:protectionLevel="signature" />
18-->[androidx.core:core:1.9.0] AndroidManifest.xml:24:9-44
19
20    <uses-permission android:name="humble.slave.pts_b.DYNAMIC_RECEIVER_NOT_EXPORTED_PERMISSION" /> <!-- <uses-permission android:name="android.permission.BROADCAST_SMS" -->
20-->[androidx.core:core:1.9.0] AndroidManifest.xml:26:5-97
20-->[androidx.core:core:1.9.0] AndroidManifest.xml:26:22-94
21    <!-- tools:ignore="ProtectedPermissions" /> -->
22    <application
22-->src/main/AndroidManifest.xml:12:5-65:19
23        android:name="humble.slave.pts_b.features.presenter.services.App"
23-->src/main/AndroidManifest.xml:13:9-56
24        android:allowBackup="true"
24-->src/main/AndroidManifest.xml:14:9-35
25        android:appComponentFactory="androidx.core.app.CoreComponentFactory"
25-->[androidx.core:core:1.9.0] AndroidManifest.xml:28:18-86
26        android:dataExtractionRules="@xml/data_extraction_rules"
26-->src/main/AndroidManifest.xml:15:9-65
27        android:debuggable="true"
28        android:extractNativeLibs="false"
29        android:fullBackupContent="@xml/backup_rules"
29-->src/main/AndroidManifest.xml:16:9-54
30        android:icon="@mipmap/ic_launcher"
30-->src/main/AndroidManifest.xml:17:9-43
31        android:label="@string/app_name"
31-->src/main/AndroidManifest.xml:18:9-41
32        android:supportsRtl="true"
32-->src/main/AndroidManifest.xml:19:9-35
33        android:testOnly="true"
34        android:theme="@style/Theme.PTS_B" >
34-->src/main/AndroidManifest.xml:20:9-43
35        <activity
35-->src/main/AndroidManifest.xml:22:9-24:40
36            android:name="humble.slave.pts_b.features.view.ReceiverContacts"
36-->src/main/AndroidManifest.xml:23:13-59
37            android:exported="false" />
37-->src/main/AndroidManifest.xml:24:13-37
38        <activity
38-->src/main/AndroidManifest.xml:25:9-27:40
39            android:name="humble.slave.pts_b.features.view.PreviousItems"
39-->src/main/AndroidManifest.xml:26:13-56
40            android:exported="false" />
40-->src/main/AndroidManifest.xml:27:13-37
41        <activity
41-->src/main/AndroidManifest.xml:28:9-30:40
42            android:name="humble.slave.pts_b.features.view.TodoReminder"
42-->src/main/AndroidManifest.xml:29:13-55
43            android:exported="false" />
43-->src/main/AndroidManifest.xml:30:13-37
44        <activity
44-->src/main/AndroidManifest.xml:31:9-33:40
45            android:name="humble.slave.pts_b.features.view.Weather"
45-->src/main/AndroidManifest.xml:32:13-50
46            android:exported="false" />
46-->src/main/AndroidManifest.xml:33:13-37
47        <activity
47-->src/main/AndroidManifest.xml:34:9-36:40
48            android:name="humble.slave.pts_b.features.view.Traffic"
48-->src/main/AndroidManifest.xml:35:13-50
49            android:exported="false" />
49-->src/main/AndroidManifest.xml:36:13-37
50        <activity
50-->src/main/AndroidManifest.xml:37:9-39:40
51            android:name="humble.slave.pts_b.features.view.Settings_Activity"
51-->src/main/AndroidManifest.xml:38:13-60
52            android:exported="false" />
52-->src/main/AndroidManifest.xml:39:13-37
53        <activity
53-->src/main/AndroidManifest.xml:40:9-42:40
54            android:name="humble.slave.pts_b.features.view.HomeScreen"
54-->src/main/AndroidManifest.xml:41:13-53
55            android:exported="false" />
55-->src/main/AndroidManifest.xml:42:13-37
56        <activity
56-->src/main/AndroidManifest.xml:43:9-51:20
57            android:name="humble.slave.pts_b.features.view.MainActivity"
57-->src/main/AndroidManifest.xml:44:13-55
58            android:exported="true" >
58-->src/main/AndroidManifest.xml:45:13-36
59            <intent-filter>
59-->src/main/AndroidManifest.xml:46:13-50:29
60                <action android:name="android.intent.action.MAIN" />
60-->src/main/AndroidManifest.xml:47:17-69
60-->src/main/AndroidManifest.xml:47:25-66
61
62                <category android:name="android.intent.category.LAUNCHER" />
62-->src/main/AndroidManifest.xml:49:17-77
62-->src/main/AndroidManifest.xml:49:27-74
63            </intent-filter>
64        </activity>
65
66        <service
66-->src/main/AndroidManifest.xml:52:9-56:19
67            android:name="humble.slave.pts_b.features.presenter.services.ReceiveAndSendSMS"
67-->src/main/AndroidManifest.xml:52:18-79
68            android:enabled="true"
68-->src/main/AndroidManifest.xml:53:13-35
69            android:exported="true" >
69-->src/main/AndroidManifest.xml:54:13-36
70        </service>
71        <!-- <receiver android:name=".services.myBroadcastReceiver" -->
72        <!-- android:exported="true"> -->
73        <!-- <intent-filter> -->
74        <!-- <action android:name="com.example.BroadCastInService"/> -->
75        <!-- <category android:name="android.intent.category.DEFAULT"/> -->
76        <!-- </intent-filter> -->
77        <!-- </receiver> -->
78
79        <provider
79-->[androidx.emoji2:emoji2:1.2.0] AndroidManifest.xml:24:9-32:20
80            android:name="androidx.startup.InitializationProvider"
80-->[androidx.emoji2:emoji2:1.2.0] AndroidManifest.xml:25:13-67
81            android:authorities="humble.slave.pts_b.androidx-startup"
81-->[androidx.emoji2:emoji2:1.2.0] AndroidManifest.xml:26:13-68
82            android:exported="false" >
82-->[androidx.emoji2:emoji2:1.2.0] AndroidManifest.xml:27:13-37
83            <meta-data
83-->[androidx.emoji2:emoji2:1.2.0] AndroidManifest.xml:29:13-31:52
84                android:name="androidx.emoji2.text.EmojiCompatInitializer"
84-->[androidx.emoji2:emoji2:1.2.0] AndroidManifest.xml:30:17-75
85                android:value="androidx.startup" />
85-->[androidx.emoji2:emoji2:1.2.0] AndroidManifest.xml:31:17-49
86            <meta-data
86-->[androidx.lifecycle:lifecycle-process:2.4.1] AndroidManifest.xml:31:13-33:52
87                android:name="androidx.lifecycle.ProcessLifecycleInitializer"
87-->[androidx.lifecycle:lifecycle-process:2.4.1] AndroidManifest.xml:32:17-78
88                android:value="androidx.startup" />
88-->[androidx.lifecycle:lifecycle-process:2.4.1] AndroidManifest.xml:33:17-49
89        </provider>
90    </application>
91
92</manifest>